<?xml version="1.0" encoding="UTF-8"?>
<testsuite xmlns:xsi="http://www.w3.org/2001/XMLSchema-instance" xsi:schemaLocation="https://maven.apache.org/surefire/maven-surefire-plugin/xsd/surefire-test-report.xsd" name="org.serempre.qa.automation.TiendaCerca.runners.SignUpOnAppRunner" time="77.564" tests="1" errors="0" skipped="0" failures="1">
  <properties>
[...]
</properties>
  <testcase name="Register for the application successfully" classname="Register in the application." time="74.192">
    <failure message="Registro fallido, No se ha podido introducir una dirección - org.openqa.selenium.TimeoutException: Expected condition failed: waiting for visibility of By.xpath: //*[contains(text(),&apos;Te has registrado&apos;)] (tried for 20 second(s) with 500 milliseconds interval)" type="java.lang.AssertionError">java.lang.AssertionError: Registro fallido, No se ha podido introducir una dirección - org.openqa.selenium.TimeoutException: Expected condition failed: waiting for visibility of By.xpath: //*[contains(text(),'Te has registrado')] (tried for 20 second(s) with 500 milliseconds interval)
</failure>
    <system-out><![CDATA[
1 Scenarios (&amp#27;[32m1 passed&amp#27;[0m)
3 Steps (&amp#27;[32m3 passed&amp#27;[0m)
0m29,866s

]]></system-out>
    <system-err><![CDATA[[main] INFO net.thucydides.core.steps.ConsoleLoggingListener - Test Suite Started: Register in the application.
[main] INFO net.thucydides.core.steps.ConsoleLoggingListener - Test Suite Started: Register in the application.
[main] INFO net.thucydides.core.steps.ConsoleLoggingListener - 
 _____ _____ ____ _____   ____ _____  _    ____ _____ _____ ____  
|_   _| ____/ ___|_   _| / ___|_   _|/ \  |  _ \_   _| ____|  _ \ 
  | | |  _| \___ \ | |   \___ \ | | / _ \ | |_) || | |  _| | | | |
  | | | |___ ___) || |    ___) || |/ ___ \|  _ < | | | |___| |_| |
  |_| |_____|____/ |_|   |____/ |_/_/   \_\_| \_\|_| |_____|____/ 
                                                                  

TEST STARTED: Register for the application successfully
-------------------------------------------------------------------(register-in-the-application.;register-for-the-application-successfully)
Starting ChromeDriver 89.0.4389.23 (61b08ee2c50024bab004e48d2b1b083cdbdac579-refs/branch-heads/4389@{#294}) on port 27152
Only local connections are allowed.
Please see https://chromedriver.chromium.org/security-considerations for suggestions on keeping ChromeDriver safe.
ChromeDriver was started successfully.
[1618825329.867][WARNING]: This version of ChromeDriver has not been tested with Chrome version 90.
abr 19, 2021 4:42:09 AM org.openqa.selenium.remote.ProtocolHandshake createSession
INFORMACIÓN: Detected dialect: W3C
[main] ERROR net.thucydides.core.steps.ConsoleLoggingListener - 
           __  _____ _____ ____ _____   _____ _    ___ _     _____ ____  
  _       / / |_   _| ____/ ___|_   _| |  ___/ \  |_ _| |   | ____|  _ \ 
 (_)_____| |    | | |  _| \___ \ | |   | |_ / _ \  | || |   |  _| | | | |
  _|_____| |    | | | |___ ___) || |   |  _/ ___ \ | || |___| |___| |_| |
 (_)     | |    |_| |_____|____/ |_|   |_|/_/   \_\___|_____|_____|____/ 
          \_\                                                            

TEST FAILED WITH ERROR: Register for the application successfully
---------------------------------------------------------------------
[main] ERROR net.thucydides.core.steps.ConsoleLoggingListener - TEST FAILED AT STEP Bot waits the Button 'Seleccionar ubicación' until be Visible
[main] ERROR net.thucydides.core.steps.ConsoleLoggingListener - Registro fallido, No se ha podido introducir una dirección - org.openqa.selenium.TimeoutException: Expected condition failed: waiting for visibility of By.xpath: //*[contains(text(),'Te has registrado')] (tried for 20 second(s) with 500 milliseconds interval)
]]></system-err>
  </testcase>
</testsuite>