<?xml version="1.0" encoding="UTF-8"?>
<testsuite xmlns:xsi="http://www.w3.org/2001/XMLSchema-instance" xsi:schemaLocation="https://maven.apache.org/surefire/maven-surefire-plugin/xsd/surefire-test-report.xsd" name="org.serempre.qa.automation.TiendaCerca.runners.InvalidPhoneValidationRunner" time="61.993" tests="2" errors="0" skipped="0" failures="0">
  <properties>
[...]
</properties>
  <testcase name="Register for the application with invalid phone" classname="Register in the application with invalid phone." time="26.752"/>
  <testcase name="Register for the application with invalid phone" classname="Register in the application with invalid phone." time="24.674"/>
</testsuite>